{"/Users/edwardxiao/Edward/repository/react-custom-flag-select/src/js/ReactCustomFlagSelect/ReactCustomFlagSelect.js": {"path":"/Users/edwardxiao/Edward/repository/react-custom-flag-select/src/js/ReactCustomFlagSelect/ReactCustomFlagSelect.js","statementMap":{"0":{"start":{"line":4,"column":13},"end":{"line":4,"column":15}},"1":{"start":{"line":5,"column":0},"end":{"line":7,"column":15}},"2":{"start":{"line":6,"column":2},"end":{"line":6,"column":53}},"3":{"start":{"line":9,"column":14},"end":{"line":9,"column":154}},"4":{"start":{"line":11,"column":0},"end":{"line":16,"column":1}},"5":{"start":{"line":12,"column":2},"end":{"line":15,"column":4}},"6":{"start":{"line":13,"column":4},"end":{"line":13,"column":29}},"7":{"start":{"line":14,"column":4},"end":{"line":14,"column":61}},"8":{"start":{"line":20,"column":4},"end":{"line":20,"column":17}},"9":{"start":{"line":21,"column":4},"end":{"line":26,"column":6}},"10":{"start":{"line":27,"column":4},"end":{"line":37,"column":5}},"11":{"start":{"line":28,"column":6},"end":{"line":28,"column":27}},"12":{"start":{"line":29,"column":6},"end":{"line":29,"column":13}},"13":{"start":{"line":31,"column":6},"end":{"line":36,"column":9}},"14":{"start":{"line":32,"column":8},"end":{"line":34,"column":9}},"15":{"start":{"line":33,"column":10},"end":{"line":33,"column":31}},"16":{"start":{"line":35,"column":8},"end":{"line":35,"column":15}},"17":{"start":{"line":38,"column":4},"end":{"line":38,"column":26}},"18":{"start":{"line":39,"column":4},"end":{"line":39,"column":45}},"19":{"start":{"line":40,"column":4},"end":{"line":40,"column":43}},"20":{"start":{"line":41,"column":4},"end":{"line":41,"column":41}},"21":{"start":{"line":42,"column":4},"end":{"line":42,"column":43}},"22":{"start":{"line":43,"column":4},"end":{"line":43,"column":47}},"23":{"start":{"line":44,"column":4},"end":{"line":44,"column":47}},"24":{"start":{"line":48,"column":4},"end":{"line":48,"column":57}},"25":{"start":{"line":49,"column":4},"end":{"line":49,"column":58}},"26":{"start":{"line":53,"column":4},"end":{"line":57,"column":5}},"27":{"start":{"line":54,"column":6},"end":{"line":56,"column":7}},"28":{"start":{"line":55,"column":8},"end":{"line":55,"column":33}},"29":{"start":{"line":61,"column":4},"end":{"line":61,"column":60}},"30":{"start":{"line":62,"column":4},"end":{"line":62,"column":61}},"31":{"start":{"line":66,"column":4},"end":{"line":72,"column":5}},"32":{"start":{"line":67,"column":6},"end":{"line":71,"column":9}},"33":{"start":{"line":76,"column":25},"end":{"line":76,"column":35}},"34":{"start":{"line":77,"column":4},"end":{"line":77,"column":35}},"35":{"start":{"line":78,"column":4},"end":{"line":78,"column":29}},"36":{"start":{"line":82,"column":24},"end":{"line":82,"column":34}},"37":{"start":{"line":83,"column":4},"end":{"line":83,"column":26}},"38":{"start":{"line":87,"column":23},"end":{"line":87,"column":33}},"39":{"start":{"line":88,"column":4},"end":{"line":90,"column":5}},"40":{"start":{"line":89,"column":6},"end":{"line":89,"column":16}},"41":{"start":{"line":94,"column":4},"end":{"line":94,"column":22}},"42":{"start":{"line":95,"column":24},"end":{"line":95,"column":34}},"43":{"start":{"line":96,"column":4},"end":{"line":98,"column":5}},"44":{"start":{"line":97,"column":6},"end":{"line":97,"column":17}},"45":{"start":{"line":102,"column":14},"end":{"line":102,"column":16}},"46":{"start":{"line":103,"column":4},"end":{"line":108,"column":5}},"47":{"start":{"line":104,"column":6},"end":{"line":107,"column":7}},"48":{"start":{"line":105,"column":8},"end":{"line":105,"column":16}},"49":{"start":{"line":106,"column":8},"end":{"line":106,"column":14}},"50":{"start":{"line":109,"column":4},"end":{"line":109,"column":15}},"51":{"start":{"line":113,"column":22},"end":{"line":113,"column":32}},"52":{"start":{"line":114,"column":27},"end":{"line":114,"column":37}},"53":{"start":{"line":115,"column":4},"end":{"line":115,"column":57}},"54":{"start":{"line":116,"column":4},"end":{"line":116,"column":18}},"55":{"start":{"line":120,"column":4},"end":{"line":120,"column":38}},"56":{"start":{"line":121,"column":4},"end":{"line":123,"column":5}},"57":{"start":{"line":122,"column":6},"end":{"line":122,"column":25}},"58":{"start":{"line":124,"column":28},"end":{"line":124,"column":38}},"59":{"start":{"line":125,"column":4},"end":{"line":127,"column":5}},"60":{"start":{"line":126,"column":6},"end":{"line":126,"column":13}},"61":{"start":{"line":128,"column":14},"end":{"line":128,"column":30}},"62":{"start":{"line":129,"column":27},"end":{"line":129,"column":37}},"63":{"start":{"line":130,"column":4},"end":{"line":130,"column":119}},"64":{"start":{"line":131,"column":20},"end":{"line":131,"column":24}},"65":{"start":{"line":132,"column":24},"end":{"line":132,"column":25}},"66":{"start":{"line":133,"column":23},"end":{"line":133,"column":25}},"67":{"start":{"line":134,"column":24},"end":{"line":134,"column":26}},"68":{"start":{"line":135,"column":22},"end":{"line":135,"column":24}},"69":{"start":{"line":136,"column":25},"end":{"line":136,"column":27}},"70":{"start":{"line":137,"column":26},"end":{"line":137,"column":76}},"71":{"start":{"line":138,"column":4},"end":{"line":194,"column":5}},"72":{"start":{"line":139,"column":6},"end":{"line":143,"column":7}},"73":{"start":{"line":140,"column":8},"end":{"line":140,"column":39}},"74":{"start":{"line":141,"column":8},"end":{"line":141,"column":33}},"75":{"start":{"line":142,"column":8},"end":{"line":142,"column":15}},"76":{"start":{"line":144,"column":6},"end":{"line":163,"column":7}},"77":{"start":{"line":145,"column":8},"end":{"line":145,"column":27}},"78":{"start":{"line":146,"column":8},"end":{"line":146,"column":28}},"79":{"start":{"line":147,"column":8},"end":{"line":149,"column":9}},"80":{"start":{"line":148,"column":10},"end":{"line":148,"column":52}},"81":{"start":{"line":150,"column":8},"end":{"line":150,"column":25}},"82":{"start":{"line":151,"column":13},"end":{"line":163,"column":7}},"83":{"start":{"line":152,"column":8},"end":{"line":152,"column":25}},"84":{"start":{"line":153,"column":8},"end":{"line":153,"column":28}},"85":{"start":{"line":154,"column":8},"end":{"line":156,"column":9}},"86":{"start":{"line":155,"column":10},"end":{"line":155,"column":32}},"87":{"start":{"line":157,"column":8},"end":{"line":157,"column":25}},"88":{"start":{"line":158,"column":13},"end":{"line":163,"column":7}},"89":{"start":{"line":159,"column":8},"end":{"line":159,"column":27}},"90":{"start":{"line":160,"column":8},"end":{"line":162,"column":9}},"91":{"start":{"line":161,"column":10},"end":{"line":161,"column":46}},"92":{"start":{"line":161,"column":17},"end":{"line":161,"column":46}},"93":{"start":{"line":165,"column":30},"end":{"line":165,"column":40}},"94":{"start":{"line":166,"column":6},"end":{"line":168,"column":7}},"95":{"start":{"line":167,"column":8},"end":{"line":167,"column":15}},"96":{"start":{"line":169,"column":6},"end":{"line":169,"column":30}},"97":{"start":{"line":170,"column":29},"end":{"line":170,"column":54}},"98":{"start":{"line":171,"column":18},"end":{"line":171,"column":70}},"99":{"start":{"line":172,"column":18},"end":{"line":172,"column":20}},"100":{"start":{"line":173,"column":6},"end":{"line":188,"column":9}},"101":{"start":{"line":174,"column":38},"end":{"line":174,"column":39}},"102":{"start":{"line":175,"column":8},"end":{"line":187,"column":9}},"103":{"start":{"line":176,"column":10},"end":{"line":180,"column":11}},"104":{"start":{"line":177,"column":12},"end":{"line":179,"column":13}},"105":{"start":{"line":178,"column":14},"end":{"line":178,"column":24}},"106":{"start":{"line":182,"column":10},"end":{"line":186,"column":11}},"107":{"start":{"line":183,"column":12},"end":{"line":185,"column":13}},"108":{"start":{"line":184,"column":14},"end":{"line":184,"column":24}},"109":{"start":{"line":189,"column":6},"end":{"line":192,"column":7}},"110":{"start":{"line":190,"column":8},"end":{"line":190,"column":34}},"111":{"start":{"line":191,"column":8},"end":{"line":191,"column":25}},"112":{"start":{"line":193,"column":6},"end":{"line":193,"column":53}},"113":{"start":{"line":195,"column":4},"end":{"line":195,"column":27}},"114":{"start":{"line":196,"column":4},"end":{"line":196,"column":29}},"115":{"start":{"line":200,"column":4},"end":{"line":202,"column":5}},"116":{"start":{"line":201,"column":6},"end":{"line":201,"column":39}},"117":{"start":{"line":203,"column":4},"end":{"line":205,"column":12}},"118":{"start":{"line":204,"column":6},"end":{"line":204,"column":41}},"119":{"start":{"line":209,"column":28},"end":{"line":209,"column":58}},"120":{"start":{"line":210,"column":31},"end":{"line":210,"column":58}},"121":{"start":{"line":211,"column":23},"end":{"line":211,"column":71}},"122":{"start":{"line":212,"column":4},"end":{"line":236,"column":5}},"123":{"start":{"line":213,"column":6},"end":{"line":226,"column":7}},"124":{"start":{"line":214,"column":22},"end":{"line":214,"column":58}},"125":{"start":{"line":215,"column":28},"end":{"line":215,"column":58}},"126":{"start":{"line":216,"column":32},"end":{"line":216,"column":50}},"127":{"start":{"line":217,"column":8},"end":{"line":225,"column":9}},"128":{"start":{"line":218,"column":25},"end":{"line":218,"column":77}},"129":{"start":{"line":219,"column":10},"end":{"line":224,"column":11}},"130":{"start":{"line":220,"column":12},"end":{"line":220,"column":83}},"131":{"start":{"line":221,"column":12},"end":{"line":221,"column":34}},"132":{"start":{"line":223,"column":12},"end":{"line":223,"column":74}},"133":{"start":{"line":227,"column":6},"end":{"line":232,"column":7}},"134":{"start":{"line":228,"column":8},"end":{"line":228,"column":31}},"135":{"start":{"line":229,"column":8},"end":{"line":231,"column":9}},"136":{"start":{"line":230,"column":10},"end":{"line":230,"column":71}},"137":{"start":{"line":234,"column":6},"end":{"line":234,"column":29}},"138":{"start":{"line":235,"column":6},"end":{"line":235,"column":67}},"139":{"start":{"line":240,"column":14},"end":{"line":240,"column":30}},"140":{"start":{"line":241,"column":4},"end":{"line":241,"column":25}},"141":{"start":{"line":241,"column":12},"end":{"line":241,"column":25}},"142":{"start":{"line":242,"column":4},"end":{"line":242,"column":24}},"143":{"start":{"line":243,"column":4},"end":{"line":243,"column":61}},"144":{"start":{"line":243,"column":39},"end":{"line":243,"column":61}},"145":{"start":{"line":244,"column":4},"end":{"line":244,"column":64}},"146":{"start":{"line":244,"column":31},"end":{"line":244,"column":64}},"147":{"start":{"line":245,"column":4},"end":{"line":245,"column":75}},"148":{"start":{"line":249,"column":14},"end":{"line":249,"column":30}},"149":{"start":{"line":250,"column":4},"end":{"line":252,"column":5}},"150":{"start":{"line":251,"column":6},"end":{"line":251,"column":82}},"151":{"start":{"line":256,"column":4},"end":{"line":258,"column":5}},"152":{"start":{"line":257,"column":6},"end":{"line":257,"column":13}},"153":{"start":{"line":259,"column":4},"end":{"line":262,"column":5}},"154":{"start":{"line":260,"column":6},"end":{"line":260,"column":20}},"155":{"start":{"line":261,"column":6},"end":{"line":261,"column":25}},"156":{"start":{"line":263,"column":4},"end":{"line":263,"column":27}},"157":{"start":{"line":267,"column":4},"end":{"line":267,"column":28}},"158":{"start":{"line":290,"column":8},"end":{"line":290,"column":18}},"159":{"start":{"line":292,"column":38},"end":{"line":292,"column":48}},"160":{"start":{"line":294,"column":25},"end":{"line":294,"column":104}},"161":{"start":{"line":296,"column":27},"end":{"line":296,"column":134}},"162":{"start":{"line":298,"column":23},"end":{"line":298,"column":82}},"163":{"start":{"line":300,"column":24},"end":{"line":300,"column":128}},"164":{"start":{"line":302,"column":43},"end":{"line":302,"column":168}},"165":{"start":{"line":304,"column":38},"end":{"line":304,"column":186}},"166":{"start":{"line":306,"column":30},"end":{"line":306,"column":102}},"167":{"start":{"line":310,"column":4},"end":{"line":314,"column":7}},"168":{"start":{"line":311,"column":6},"end":{"line":313,"column":7}},"169":{"start":{"line":312,"column":8},"end":{"line":312,"column":17}},"170":{"start":{"line":315,"column":4},"end":{"line":352,"column":5}},"171":{"start":{"line":316,"column":6},"end":{"line":351,"column":7}},"172":{"start":{"line":317,"column":8},"end":{"line":317,"column":50}},"173":{"start":{"line":319,"column":8},"end":{"line":350,"column":11}},"174":{"start":{"line":320,"column":10},"end":{"line":349,"column":12}},"175":{"start":{"line":322,"column":27},"end":{"line":322,"column":52}},"176":{"start":{"line":324,"column":16},"end":{"line":324,"column":38}},"177":{"start":{"line":325,"column":16},"end":{"line":325,"column":33}},"178":{"start":{"line":328,"column":16},"end":{"line":328,"column":51}},"179":{"start":{"line":331,"column":16},"end":{"line":331,"column":36}},"180":{"start":{"line":337,"column":16},"end":{"line":337,"column":39}},"181":{"start":{"line":353,"column":23},"end":{"line":353,"column":33}},"182":{"start":{"line":355,"column":4},"end":{"line":361,"column":5}},"183":{"start":{"line":356,"column":6},"end":{"line":360,"column":8}},"184":{"start":{"line":362,"column":4},"end":{"line":370,"column":5}},"185":{"start":{"line":363,"column":6},"end":{"line":369,"column":8}},"186":{"start":{"line":371,"column":4},"end":{"line":396,"column":6}},"187":{"start":{"line":378,"column":10},"end":{"line":378,"column":26}},"188":{"start":{"line":379,"column":10},"end":{"line":379,"column":50}},"189":{"start":{"line":383,"column":21},"end":{"line":383,"column":39}},"190":{"start":{"line":387,"column":121},"end":{"line":387,"column":137}},"191":{"start":{"line":391,"column":28},"end":{"line":391,"column":51}},"192":{"start":{"line":400,"column":0},"end":{"line":419,"column":2}},"193":{"start":{"line":421,"column":0},"end":{"line":449,"column":2}}},"fnMap":{"0":{"name":"(anonymous_0)","decl":{"start":{"line":12,"column":32},"end":{"line":12,"column":33}},"loc":{"start":{"line":12,"column":65},"end":{"line":15,"column":3}},"line":12},"1":{"name":"(anonymous_1)","decl":{"start":{"line":19,"column":2},"end":{"line":19,"column":3}},"loc":{"start":{"line":19,"column":21},"end":{"line":45,"column":3}},"line":19},"2":{"name":"(anonymous_2)","decl":{"start":{"line":31,"column":27},"end":{"line":31,"column":28}},"loc":{"start":{"line":31,"column":32},"end":{"line":36,"column":7}},"line":31},"3":{"name":"(anonymous_3)","decl":{"start":{"line":47,"column":2},"end":{"line":47,"column":3}},"loc":{"start":{"line":47,"column":22},"end":{"line":50,"column":3}},"line":47},"4":{"name":"(anonymous_4)","decl":{"start":{"line":52,"column":2},"end":{"line":52,"column":3}},"loc":{"start":{"line":52,"column":43},"end":{"line":58,"column":3}},"line":52},"5":{"name":"(anonymous_5)","decl":{"start":{"line":60,"column":2},"end":{"line":60,"column":3}},"loc":{"start":{"line":60,"column":25},"end":{"line":63,"column":3}},"line":60},"6":{"name":"(anonymous_6)","decl":{"start":{"line":65,"column":2},"end":{"line":65,"column":3}},"loc":{"start":{"line":65,"column":39},"end":{"line":73,"column":3}},"line":65},"7":{"name":"(anonymous_7)","decl":{"start":{"line":75,"column":2},"end":{"line":75,"column":3}},"loc":{"start":{"line":75,"column":21},"end":{"line":79,"column":3}},"line":75},"8":{"name":"(anonymous_8)","decl":{"start":{"line":81,"column":2},"end":{"line":81,"column":3}},"loc":{"start":{"line":81,"column":13},"end":{"line":84,"column":3}},"line":81},"9":{"name":"(anonymous_9)","decl":{"start":{"line":86,"column":2},"end":{"line":86,"column":3}},"loc":{"start":{"line":86,"column":12},"end":{"line":91,"column":3}},"line":86},"10":{"name":"(anonymous_10)","decl":{"start":{"line":93,"column":2},"end":{"line":93,"column":3}},"loc":{"start":{"line":93,"column":13},"end":{"line":99,"column":3}},"line":93},"11":{"name":"(anonymous_11)","decl":{"start":{"line":101,"column":2},"end":{"line":101,"column":3}},"loc":{"start":{"line":101,"column":22},"end":{"line":110,"column":3}},"line":101},"12":{"name":"(anonymous_12)","decl":{"start":{"line":112,"column":2},"end":{"line":112,"column":3}},"loc":{"start":{"line":112,"column":22},"end":{"line":117,"column":3}},"line":112},"13":{"name":"(anonymous_13)","decl":{"start":{"line":119,"column":2},"end":{"line":119,"column":3}},"loc":{"start":{"line":119,"column":15},"end":{"line":197,"column":3}},"line":119},"14":{"name":"(anonymous_14)","decl":{"start":{"line":173,"column":24},"end":{"line":173,"column":25}},"loc":{"start":{"line":173,"column":34},"end":{"line":188,"column":7}},"line":173},"15":{"name":"(anonymous_15)","decl":{"start":{"line":199,"column":2},"end":{"line":199,"column":3}},"loc":{"start":{"line":199,"column":21},"end":{"line":206,"column":3}},"line":199},"16":{"name":"(anonymous_16)","decl":{"start":{"line":203,"column":36},"end":{"line":203,"column":37}},"loc":{"start":{"line":203,"column":42},"end":{"line":205,"column":5}},"line":203},"17":{"name":"(anonymous_17)","decl":{"start":{"line":208,"column":2},"end":{"line":208,"column":3}},"loc":{"start":{"line":208,"column":20},"end":{"line":237,"column":3}},"line":208},"18":{"name":"(anonymous_18)","decl":{"start":{"line":239,"column":2},"end":{"line":239,"column":3}},"loc":{"start":{"line":239,"column":14},"end":{"line":246,"column":3}},"line":239},"19":{"name":"(anonymous_19)","decl":{"start":{"line":248,"column":2},"end":{"line":248,"column":3}},"loc":{"start":{"line":248,"column":17},"end":{"line":253,"column":3}},"line":248},"20":{"name":"(anonymous_20)","decl":{"start":{"line":255,"column":2},"end":{"line":255,"column":3}},"loc":{"start":{"line":255,"column":15},"end":{"line":264,"column":3}},"line":255},"21":{"name":"(anonymous_21)","decl":{"start":{"line":266,"column":2},"end":{"line":266,"column":3}},"loc":{"start":{"line":266,"column":19},"end":{"line":268,"column":3}},"line":266},"22":{"name":"(anonymous_22)","decl":{"start":{"line":270,"column":2},"end":{"line":270,"column":3}},"loc":{"start":{"line":270,"column":11},"end":{"line":397,"column":3}},"line":270},"23":{"name":"(anonymous_23)","decl":{"start":{"line":310,"column":22},"end":{"line":310,"column":23}},"loc":{"start":{"line":310,"column":27},"end":{"line":314,"column":5}},"line":310},"24":{"name":"(anonymous_24)","decl":{"start":{"line":319,"column":40},"end":{"line":319,"column":41}},"loc":{"start":{"line":319,"column":50},"end":{"line":350,"column":9}},"line":319},"25":{"name":"(anonymous_25)","decl":{"start":{"line":322,"column":19},"end":{"line":322,"column":20}},"loc":{"start":{"line":322,"column":27},"end":{"line":322,"column":52}},"line":322},"26":{"name":"(anonymous_26)","decl":{"start":{"line":323,"column":27},"end":{"line":323,"column":28}},"loc":{"start":{"line":323,"column":33},"end":{"line":326,"column":15}},"line":323},"27":{"name":"(anonymous_27)","decl":{"start":{"line":327,"column":27},"end":{"line":327,"column":28}},"loc":{"start":{"line":327,"column":33},"end":{"line":329,"column":15}},"line":327},"28":{"name":"(anonymous_28)","decl":{"start":{"line":330,"column":26},"end":{"line":330,"column":27}},"loc":{"start":{"line":330,"column":32},"end":{"line":332,"column":15}},"line":330},"29":{"name":"(anonymous_29)","decl":{"start":{"line":336,"column":23},"end":{"line":336,"column":24}},"loc":{"start":{"line":336,"column":28},"end":{"line":338,"column":15}},"line":336},"30":{"name":"(anonymous_30)","decl":{"start":{"line":377,"column":17},"end":{"line":377,"column":18}},"loc":{"start":{"line":377,"column":22},"end":{"line":380,"column":9}},"line":377},"31":{"name":"(anonymous_31)","decl":{"start":{"line":383,"column":13},"end":{"line":383,"column":14}},"loc":{"start":{"line":383,"column":21},"end":{"line":383,"column":39}},"line":383},"32":{"name":"(anonymous_32)","decl":{"start":{"line":387,"column":98},"end":{"line":387,"column":99}},"loc":{"start":{"line":387,"column":104},"end":{"line":387,"column":106}},"line":387},"33":{"name":"(anonymous_33)","decl":{"start":{"line":387,"column":113},"end":{"line":387,"column":114}},"loc":{"start":{"line":387,"column":121},"end":{"line":387,"column":137}},"line":387},"34":{"name":"(anonymous_34)","decl":{"start":{"line":391,"column":20},"end":{"line":391,"column":21}},"loc":{"start":{"line":391,"column":28},"end":{"line":391,"column":51}},"line":391},"35":{"name":"(anonymous_35)","decl":{"start":{"line":418,"column":12},"end":{"line":418,"column":13}},"loc":{"start":{"line":418,"column":18},"end":{"line":418,"column":20}},"line":418}},"branchMap":{"0":{"loc":{"start":{"line":11,"column":0},"end":{"line":16,"column":1}},"type":"if","locations":[{"start":{"line":11,"column":0},"end":{"line":16,"column":1}},{"start":{"line":11,"column":0},"end":{"line":16,"column":1}}],"line":11},"1":{"loc":{"start":{"line":13,"column":15},"end":{"line":13,"column":28}},"type":"binary-expr","locations":[{"start":{"line":13,"column":15},"end":{"line":13,"column":23}},{"start":{"line":13,"column":27},"end":{"line":13,"column":28}}],"line":13},"2":{"loc":{"start":{"line":27,"column":4},"end":{"line":37,"column":5}},"type":"if","locations":[{"start":{"line":27,"column":4},"end":{"line":37,"column":5}},{"start":{"line":27,"column":4},"end":{"line":37,"column":5}}],"line":27},"3":{"loc":{"start":{"line":32,"column":8},"end":{"line":34,"column":9}},"type":"if","locations":[{"start":{"line":32,"column":8},"end":{"line":34,"column":9}},{"start":{"line":32,"column":8},"end":{"line":34,"column":9}}],"line":32},"4":{"loc":{"start":{"line":32,"column":12},"end":{"line":32,"column":70}},"type":"binary-expr","locations":[{"start":{"line":32,"column":12},"end":{"line":32,"column":40}},{"start":{"line":32,"column":44},"end":{"line":32,"column":70}}],"line":32},"5":{"loc":{"start":{"line":53,"column":4},"end":{"line":57,"column":5}},"type":"if","locations":[{"start":{"line":53,"column":4},"end":{"line":57,"column":5}},{"start":{"line":53,"column":4},"end":{"line":57,"column":5}}],"line":53},"6":{"loc":{"start":{"line":54,"column":6},"end":{"line":56,"column":7}},"type":"if","locations":[{"start":{"line":54,"column":6},"end":{"line":56,"column":7}},{"start":{"line":54,"column":6},"end":{"line":56,"column":7}}],"line":54},"7":{"loc":{"start":{"line":66,"column":4},"end":{"line":72,"column":5}},"type":"if","locations":[{"start":{"line":66,"column":4},"end":{"line":72,"column":5}},{"start":{"line":66,"column":4},"end":{"line":72,"column":5}}],"line":66},"8":{"loc":{"start":{"line":77,"column":4},"end":{"line":77,"column":34}},"type":"binary-expr","locations":[{"start":{"line":77,"column":4},"end":{"line":77,"column":12}},{"start":{"line":77,"column":16},"end":{"line":77,"column":34}}],"line":77},"9":{"loc":{"start":{"line":83,"column":4},"end":{"line":83,"column":25}},"type":"binary-expr","locations":[{"start":{"line":83,"column":4},"end":{"line":83,"column":11}},{"start":{"line":83,"column":15},"end":{"line":83,"column":25}}],"line":83},"10":{"loc":{"start":{"line":88,"column":4},"end":{"line":90,"column":5}},"type":"if","locations":[{"start":{"line":88,"column":4},"end":{"line":90,"column":5}},{"start":{"line":88,"column":4},"end":{"line":90,"column":5}}],"line":88},"11":{"loc":{"start":{"line":96,"column":4},"end":{"line":98,"column":5}},"type":"if","locations":[{"start":{"line":96,"column":4},"end":{"line":98,"column":5}},{"start":{"line":96,"column":4},"end":{"line":98,"column":5}}],"line":96},"12":{"loc":{"start":{"line":104,"column":6},"end":{"line":107,"column":7}},"type":"if","locations":[{"start":{"line":104,"column":6},"end":{"line":107,"column":7}},{"start":{"line":104,"column":6},"end":{"line":107,"column":7}}],"line":104},"13":{"loc":{"start":{"line":121,"column":4},"end":{"line":123,"column":5}},"type":"if","locations":[{"start":{"line":121,"column":4},"end":{"line":123,"column":5}},{"start":{"line":121,"column":4},"end":{"line":123,"column":5}}],"line":121},"14":{"loc":{"start":{"line":125,"column":4},"end":{"line":127,"column":5}},"type":"if","locations":[{"start":{"line":125,"column":4},"end":{"line":127,"column":5}},{"start":{"line":125,"column":4},"end":{"line":127,"column":5}}],"line":125},"15":{"loc":{"start":{"line":130,"column":24},"end":{"line":130,"column":118}},"type":"cond-expr","locations":[{"start":{"line":130,"column":66},"end":{"line":130,"column":83}},{"start":{"line":130,"column":86},"end":{"line":130,"column":118}}],"line":130},"16":{"loc":{"start":{"line":138,"column":4},"end":{"line":194,"column":5}},"type":"if","locations":[{"start":{"line":138,"column":4},"end":{"line":194,"column":5}},{"start":{"line":138,"column":4},"end":{"line":194,"column":5}}],"line":138},"17":{"loc":{"start":{"line":139,"column":6},"end":{"line":143,"column":7}},"type":"if","locations":[{"start":{"line":139,"column":6},"end":{"line":143,"column":7}},{"start":{"line":139,"column":6},"end":{"line":143,"column":7}}],"line":139},"18":{"loc":{"start":{"line":144,"column":6},"end":{"line":163,"column":7}},"type":"if","locations":[{"start":{"line":144,"column":6},"end":{"line":163,"column":7}},{"start":{"line":144,"column":6},"end":{"line":163,"column":7}}],"line":144},"19":{"loc":{"start":{"line":147,"column":8},"end":{"line":149,"column":9}},"type":"if","locations":[{"start":{"line":147,"column":8},"end":{"line":149,"column":9}},{"start":{"line":147,"column":8},"end":{"line":149,"column":9}}],"line":147},"20":{"loc":{"start":{"line":151,"column":13},"end":{"line":163,"column":7}},"type":"if","locations":[{"start":{"line":151,"column":13},"end":{"line":163,"column":7}},{"start":{"line":151,"column":13},"end":{"line":163,"column":7}}],"line":151},"21":{"loc":{"start":{"line":154,"column":8},"end":{"line":156,"column":9}},"type":"if","locations":[{"start":{"line":154,"column":8},"end":{"line":156,"column":9}},{"start":{"line":154,"column":8},"end":{"line":156,"column":9}}],"line":154},"22":{"loc":{"start":{"line":158,"column":13},"end":{"line":163,"column":7}},"type":"if","locations":[{"start":{"line":158,"column":13},"end":{"line":163,"column":7}},{"start":{"line":158,"column":13},"end":{"line":163,"column":7}}],"line":158},"23":{"loc":{"start":{"line":160,"column":8},"end":{"line":162,"column":9}},"type":"if","locations":[{"start":{"line":160,"column":8},"end":{"line":162,"column":9}},{"start":{"line":160,"column":8},"end":{"line":162,"column":9}}],"line":160},"24":{"loc":{"start":{"line":161,"column":10},"end":{"line":161,"column":46}},"type":"if","locations":[{"start":{"line":161,"column":10},"end":{"line":161,"column":46}},{"start":{"line":161,"column":10},"end":{"line":161,"column":46}}],"line":161},"25":{"loc":{"start":{"line":166,"column":6},"end":{"line":168,"column":7}},"type":"if","locations":[{"start":{"line":166,"column":6},"end":{"line":168,"column":7}},{"start":{"line":166,"column":6},"end":{"line":168,"column":7}}],"line":166},"26":{"loc":{"start":{"line":166,"column":12},"end":{"line":166,"column":111}},"type":"binary-expr","locations":[{"start":{"line":166,"column":12},"end":{"line":166,"column":25}},{"start":{"line":166,"column":29},"end":{"line":166,"column":42}},{"start":{"line":166,"column":46},"end":{"line":166,"column":59}},{"start":{"line":166,"column":63},"end":{"line":166,"column":76}},{"start":{"line":166,"column":80},"end":{"line":166,"column":93}},{"start":{"line":166,"column":97},"end":{"line":166,"column":111}}],"line":166},"27":{"loc":{"start":{"line":175,"column":8},"end":{"line":187,"column":9}},"type":"if","locations":[{"start":{"line":175,"column":8},"end":{"line":187,"column":9}},{"start":{"line":175,"column":8},"end":{"line":187,"column":9}}],"line":175},"28":{"loc":{"start":{"line":176,"column":10},"end":{"line":180,"column":11}},"type":"if","locations":[{"start":{"line":176,"column":10},"end":{"line":180,"column":11}},{"start":{"line":176,"column":10},"end":{"line":180,"column":11}}],"line":176},"29":{"loc":{"start":{"line":177,"column":12},"end":{"line":179,"column":13}},"type":"if","locations":[{"start":{"line":177,"column":12},"end":{"line":179,"column":13}},{"start":{"line":177,"column":12},"end":{"line":179,"column":13}}],"line":177},"30":{"loc":{"start":{"line":182,"column":10},"end":{"line":186,"column":11}},"type":"if","locations":[{"start":{"line":182,"column":10},"end":{"line":186,"column":11}},{"start":{"line":182,"column":10},"end":{"line":186,"column":11}}],"line":182},"31":{"loc":{"start":{"line":183,"column":12},"end":{"line":185,"column":13}},"type":"if","locations":[{"start":{"line":183,"column":12},"end":{"line":185,"column":13}},{"start":{"line":183,"column":12},"end":{"line":185,"column":13}}],"line":183},"32":{"loc":{"start":{"line":189,"column":6},"end":{"line":192,"column":7}},"type":"if","locations":[{"start":{"line":189,"column":6},"end":{"line":192,"column":7}},{"start":{"line":189,"column":6},"end":{"line":192,"column":7}}],"line":189},"33":{"loc":{"start":{"line":200,"column":4},"end":{"line":202,"column":5}},"type":"if","locations":[{"start":{"line":200,"column":4},"end":{"line":202,"column":5}},{"start":{"line":200,"column":4},"end":{"line":202,"column":5}}],"line":200},"34":{"loc":{"start":{"line":212,"column":4},"end":{"line":236,"column":5}},"type":"if","locations":[{"start":{"line":212,"column":4},"end":{"line":236,"column":5}},{"start":{"line":212,"column":4},"end":{"line":236,"column":5}}],"line":212},"35":{"loc":{"start":{"line":213,"column":6},"end":{"line":226,"column":7}},"type":"if","locations":[{"start":{"line":213,"column":6},"end":{"line":226,"column":7}},{"start":{"line":213,"column":6},"end":{"line":226,"column":7}}],"line":213},"36":{"loc":{"start":{"line":217,"column":8},"end":{"line":225,"column":9}},"type":"if","locations":[{"start":{"line":217,"column":8},"end":{"line":225,"column":9}},{"start":{"line":217,"column":8},"end":{"line":225,"column":9}}],"line":217},"37":{"loc":{"start":{"line":219,"column":10},"end":{"line":224,"column":11}},"type":"if","locations":[{"start":{"line":219,"column":10},"end":{"line":224,"column":11}},{"start":{"line":219,"column":10},"end":{"line":224,"column":11}}],"line":219},"38":{"loc":{"start":{"line":219,"column":14},"end":{"line":219,"column":44}},"type":"binary-expr","locations":[{"start":{"line":219,"column":14},"end":{"line":219,"column":25}},{"start":{"line":219,"column":29},"end":{"line":219,"column":44}}],"line":219},"39":{"loc":{"start":{"line":227,"column":6},"end":{"line":232,"column":7}},"type":"if","locations":[{"start":{"line":227,"column":6},"end":{"line":232,"column":7}},{"start":{"line":227,"column":6},"end":{"line":232,"column":7}}],"line":227},"40":{"loc":{"start":{"line":229,"column":8},"end":{"line":231,"column":9}},"type":"if","locations":[{"start":{"line":229,"column":8},"end":{"line":231,"column":9}},{"start":{"line":229,"column":8},"end":{"line":231,"column":9}}],"line":229},"41":{"loc":{"start":{"line":241,"column":4},"end":{"line":241,"column":25}},"type":"if","locations":[{"start":{"line":241,"column":4},"end":{"line":241,"column":25}},{"start":{"line":241,"column":4},"end":{"line":241,"column":25}}],"line":241},"42":{"loc":{"start":{"line":243,"column":4},"end":{"line":243,"column":61}},"type":"if","locations":[{"start":{"line":243,"column":4},"end":{"line":243,"column":61}},{"start":{"line":243,"column":4},"end":{"line":243,"column":61}}],"line":243},"43":{"loc":{"start":{"line":244,"column":4},"end":{"line":244,"column":64}},"type":"if","locations":[{"start":{"line":244,"column":4},"end":{"line":244,"column":64}},{"start":{"line":244,"column":4},"end":{"line":244,"column":64}}],"line":244},"44":{"loc":{"start":{"line":256,"column":4},"end":{"line":258,"column":5}},"type":"if","locations":[{"start":{"line":256,"column":4},"end":{"line":258,"column":5}},{"start":{"line":256,"column":4},"end":{"line":258,"column":5}}],"line":256},"45":{"loc":{"start":{"line":259,"column":4},"end":{"line":262,"column":5}},"type":"if","locations":[{"start":{"line":259,"column":4},"end":{"line":262,"column":5}},{"start":{"line":259,"column":4},"end":{"line":262,"column":5}}],"line":259},"46":{"loc":{"start":{"line":294,"column":73},"end":{"line":294,"column":103}},"type":"binary-expr","locations":[{"start":{"line":294,"column":73},"end":{"line":294,"column":81}},{"start":{"line":294,"column":85},"end":{"line":294,"column":103}}],"line":294},"47":{"loc":{"start":{"line":296,"column":79},"end":{"line":296,"column":101}},"type":"binary-expr","locations":[{"start":{"line":296,"column":79},"end":{"line":296,"column":83}},{"start":{"line":296,"column":87},"end":{"line":296,"column":101}}],"line":296},"48":{"loc":{"start":{"line":296,"column":103},"end":{"line":296,"column":133}},"type":"binary-expr","locations":[{"start":{"line":296,"column":103},"end":{"line":296,"column":111}},{"start":{"line":296,"column":115},"end":{"line":296,"column":133}}],"line":296},"49":{"loc":{"start":{"line":298,"column":51},"end":{"line":298,"column":81}},"type":"binary-expr","locations":[{"start":{"line":298,"column":51},"end":{"line":298,"column":59}},{"start":{"line":298,"column":63},"end":{"line":298,"column":81}}],"line":298},"50":{"loc":{"start":{"line":300,"column":97},"end":{"line":300,"column":127}},"type":"binary-expr","locations":[{"start":{"line":300,"column":97},"end":{"line":300,"column":105}},{"start":{"line":300,"column":109},"end":{"line":300,"column":127}}],"line":300},"51":{"loc":{"start":{"line":302,"column":113},"end":{"line":302,"column":135}},"type":"binary-expr","locations":[{"start":{"line":302,"column":113},"end":{"line":302,"column":117}},{"start":{"line":302,"column":121},"end":{"line":302,"column":135}}],"line":302},"52":{"loc":{"start":{"line":302,"column":137},"end":{"line":302,"column":167}},"type":"binary-expr","locations":[{"start":{"line":302,"column":137},"end":{"line":302,"column":145}},{"start":{"line":302,"column":149},"end":{"line":302,"column":167}}],"line":302},"53":{"loc":{"start":{"line":304,"column":41},"end":{"line":304,"column":96}},"type":"binary-expr","locations":[{"start":{"line":304,"column":41},"end":{"line":304,"column":50}},{"start":{"line":304,"column":54},"end":{"line":304,"column":96}}],"line":304},"54":{"loc":{"start":{"line":304,"column":155},"end":{"line":304,"column":185}},"type":"binary-expr","locations":[{"start":{"line":304,"column":155},"end":{"line":304,"column":163}},{"start":{"line":304,"column":167},"end":{"line":304,"column":185}}],"line":304},"55":{"loc":{"start":{"line":311,"column":6},"end":{"line":313,"column":7}},"type":"if","locations":[{"start":{"line":311,"column":6},"end":{"line":313,"column":7}},{"start":{"line":311,"column":6},"end":{"line":313,"column":7}}],"line":311},"56":{"loc":{"start":{"line":315,"column":4},"end":{"line":352,"column":5}},"type":"if","locations":[{"start":{"line":315,"column":4},"end":{"line":352,"column":5}},{"start":{"line":315,"column":4},"end":{"line":352,"column":5}}],"line":315},"57":{"loc":{"start":{"line":316,"column":6},"end":{"line":351,"column":7}},"type":"if","locations":[{"start":{"line":316,"column":6},"end":{"line":351,"column":7}},{"start":{"line":316,"column":6},"end":{"line":351,"column":7}}],"line":316},"58":{"loc":{"start":{"line":333,"column":25},"end":{"line":333,"column":140}},"type":"cond-expr","locations":[{"start":{"line":333,"column":57},"end":{"line":333,"column":107}},{"start":{"line":333,"column":110},"end":{"line":333,"column":140}}],"line":333},"59":{"loc":{"start":{"line":340,"column":15},"end":{"line":346,"column":15}},"type":"cond-expr","locations":[{"start":{"line":341,"column":16},"end":{"line":343,"column":22}},{"start":{"line":345,"column":16},"end":{"line":345,"column":18}}],"line":340},"60":{"loc":{"start":{"line":347,"column":20},"end":{"line":347,"column":58}},"type":"cond-expr","locations":[{"start":{"line":347,"column":36},"end":{"line":347,"column":49}},{"start":{"line":347,"column":52},"end":{"line":347,"column":58}}],"line":347},"61":{"loc":{"start":{"line":355,"column":4},"end":{"line":361,"column":5}},"type":"if","locations":[{"start":{"line":355,"column":4},"end":{"line":361,"column":5}},{"start":{"line":355,"column":4},"end":{"line":361,"column":5}}],"line":355},"62":{"loc":{"start":{"line":362,"column":4},"end":{"line":370,"column":5}},"type":"if","locations":[{"start":{"line":362,"column":4},"end":{"line":370,"column":5}},{"start":{"line":362,"column":4},"end":{"line":370,"column":5}}],"line":362},"63":{"loc":{"start":{"line":379,"column":10},"end":{"line":379,"column":49}},"type":"cond-expr","locations":[{"start":{"line":379,"column":22},"end":{"line":379,"column":44}},{"start":{"line":379,"column":47},"end":{"line":379,"column":49}}],"line":379}},"s":{"0":1,"1":1,"2":1,"3":1,"4":1,"5":0,"6":0,"7":0,"8":3,"9":3,"10":3,"11":0,"12":0,"13":3,"14":9,"15":0,"16":9,"17":3,"18":3,"19":3,"20":3,"21":3,"22":3,"23":3,"24":3,"25":3,"26":7,"27":4,"28":3,"29":0,"30":0,"31":1,"32":1,"33":1,"34":1,"35":1,"36":2,"37":2,"38":1,"39":1,"40":0,"41":0,"42":0,"43":0,"44":0,"45":3,"46":3,"47":3,"48":3,"49":3,"50":3,"51":3,"52":3,"53":3,"54":3,"55":3,"56":3,"57":0,"58":3,"59":3,"60":0,"61":3,"62":3,"63":3,"64":3,"65":3,"66":3,"67":3,"68":3,"69":3,"70":3,"71":3,"72":3,"73":0,"74":0,"75":0,"76":3,"77":2,"78":2,"79":2,"80":0,"81":2,"82":1,"83":1,"84":1,"85":1,"86":1,"87":1,"88":0,"89":0,"90":0,"91":0,"92":0,"93":0,"94":0,"95":0,"96":0,"97":0,"98":0,"99":0,"100":0,"101":0,"102":0,"103":0,"104":0,"105":0,"106":0,"107":0,"108":0,"109":0,"110":0,"111":0,"112":0,"113":3,"114":3,"115":0,"116":0,"117":0,"118":0,"119":6,"120":6,"121":6,"122":6,"123":3,"124":2,"125":2,"126":2,"127":2,"128":2,"129":2,"130":1,"131":1,"132":1,"133":3,"134":1,"135":1,"136":1,"137":3,"138":3,"139":3,"140":3,"141":0,"142":3,"143":3,"144":0,"145":3,"146":0,"147":3,"148":3,"149":3,"150":9,"151":0,"152":0,"153":0,"154":0,"155":0,"156":0,"157":4,"158":10,"159":10,"160":10,"161":10,"162":10,"163":10,"164":10,"165":10,"166":10,"167":10,"168":30,"169":10,"170":10,"171":10,"172":0,"173":10,"174":30,"175":51,"176":0,"177":0,"178":0,"179":0,"180":1,"181":10,"182":10,"183":10,"184":10,"185":10,"186":10,"187":2,"188":2,"189":17,"190":17,"191":17,"192":1,"193":1},"f":{"0":0,"1":3,"2":9,"3":3,"4":7,"5":0,"6":1,"7":1,"8":2,"9":1,"10":0,"11":3,"12":3,"13":3,"14":0,"15":0,"16":0,"17":6,"18":3,"19":3,"20":0,"21":4,"22":10,"23":30,"24":30,"25":51,"26":0,"27":0,"28":0,"29":1,"30":2,"31":17,"32":0,"33":17,"34":17,"35":0},"b":{"0":[0,1],"1":[0,0],"2":[0,3],"3":[0,9],"4":[9,9],"5":[4,3],"6":[3,1],"7":[1,0],"8":[1,1],"9":[2,0],"10":[0,1],"11":[0,0],"12":[3,0],"13":[0,3],"14":[0,3],"15":[3,0],"16":[3,0],"17":[0,3],"18":[2,1],"19":[0,2],"20":[1,0],"21":[1,0],"22":[0,0],"23":[0,0],"24":[0,0],"25":[0,0],"26":[0,0,0,0,0,0],"27":[0,0],"28":[0,0],"29":[0,0],"30":[0,0],"31":[0,0],"32":[0,0],"33":[0,0],"34":[3,3],"35":[2,1],"36":[2,0],"37":[1,1],"38":[2,2],"39":[1,2],"40":[1,0],"41":[0,3],"42":[0,3],"43":[0,3],"44":[0,0],"45":[0,0],"46":[10,0],"47":[10,6],"48":[10,0],"49":[10,0],"50":[10,0],"51":[10,6],"52":[10,0],"53":[10,7],"54":[10,0],"55":[10,20],"56":[10,0],"57":[0,10],"58":[10,20],"59":[30,0],"60":[30,0],"61":[10,0],"62":[10,0],"63":[2,0]},"_coverageSchema":"332fd63041d2c1bcb487cc26dd0d5f7d97098a6c","hash":"5c2f074e87160aa1fd2902741b91cc0e00c79d83"}
}
