TN:
SF:/Users/edwardxiao/Edward/repository/react-custom-flag-select/src/js/ReactCustomFlagSelect/ReactCustomFlagSelect.js
FN:12,(anonymous_0)
FN:19,(anonymous_1)
FN:31,(anonymous_2)
FN:47,(anonymous_3)
FN:52,(anonymous_4)
FN:60,(anonymous_5)
FN:65,(anonymous_6)
FN:75,(anonymous_7)
FN:81,(anonymous_8)
FN:86,(anonymous_9)
FN:93,(anonymous_10)
FN:101,(anonymous_11)
FN:112,(anonymous_12)
FN:119,(anonymous_13)
FN:173,(anonymous_14)
FN:199,(anonymous_15)
FN:203,(anonymous_16)
FN:208,(anonymous_17)
FN:239,(anonymous_18)
FN:248,(anonymous_19)
FN:255,(anonymous_20)
FN:266,(anonymous_21)
FN:270,(anonymous_22)
FN:310,(anonymous_23)
FN:319,(anonymous_24)
FN:322,(anonymous_25)
FN:323,(anonymous_26)
FN:327,(anonymous_27)
FN:330,(anonymous_28)
FN:336,(anonymous_29)
FN:377,(anonymous_30)
FN:383,(anonymous_31)
FN:387,(anonymous_32)
FN:387,(anonymous_33)
FN:391,(anonymous_34)
FN:418,(anonymous_35)
FNF:36
FNH:24
FNDA:0,(anonymous_0)
FNDA:3,(anonymous_1)
FNDA:9,(anonymous_2)
FNDA:3,(anonymous_3)
FNDA:7,(anonymous_4)
FNDA:0,(anonymous_5)
FNDA:1,(anonymous_6)
FNDA:1,(anonymous_7)
FNDA:2,(anonymous_8)
FNDA:1,(anonymous_9)
FNDA:0,(anonymous_10)
FNDA:3,(anonymous_11)
FNDA:3,(anonymous_12)
FNDA:3,(anonymous_13)
FNDA:0,(anonymous_14)
FNDA:0,(anonymous_15)
FNDA:0,(anonymous_16)
FNDA:6,(anonymous_17)
FNDA:3,(anonymous_18)
FNDA:3,(anonymous_19)
FNDA:0,(anonymous_20)
FNDA:4,(anonymous_21)
FNDA:10,(anonymous_22)
FNDA:30,(anonymous_23)
FNDA:30,(anonymous_24)
FNDA:51,(anonymous_25)
FNDA:0,(anonymous_26)
FNDA:0,(anonymous_27)
FNDA:0,(anonymous_28)
FNDA:1,(anonymous_29)
FNDA:2,(anonymous_30)
FNDA:17,(anonymous_31)
FNDA:0,(anonymous_32)
FNDA:17,(anonymous_33)
FNDA:17,(anonymous_34)
FNDA:0,(anonymous_35)
DA:4,1
DA:5,1
DA:6,1
DA:9,1
DA:11,1
DA:12,0
DA:13,0
DA:14,0
DA:20,3
DA:21,3
DA:27,3
DA:28,0
DA:29,0
DA:31,3
DA:32,9
DA:33,0
DA:35,9
DA:38,3
DA:39,3
DA:40,3
DA:41,3
DA:42,3
DA:43,3
DA:44,3
DA:48,3
DA:49,3
DA:53,7
DA:54,4
DA:55,3
DA:61,0
DA:62,0
DA:66,1
DA:67,1
DA:76,1
DA:77,1
DA:78,1
DA:82,2
DA:83,2
DA:87,1
DA:88,1
DA:89,0
DA:94,0
DA:95,0
DA:96,0
DA:97,0
DA:102,3
DA:103,3
DA:104,3
DA:105,3
DA:106,3
DA:109,3
DA:113,3
DA:114,3
DA:115,3
DA:116,3
DA:120,3
DA:121,3
DA:122,0
DA:124,3
DA:125,3
DA:126,0
DA:128,3
DA:129,3
DA:130,3
DA:131,3
DA:132,3
DA:133,3
DA:134,3
DA:135,3
DA:136,3
DA:137,3
DA:138,3
DA:139,3
DA:140,0
DA:141,0
DA:142,0
DA:144,3
DA:145,2
DA:146,2
DA:147,2
DA:148,0
DA:150,2
DA:151,1
DA:152,1
DA:153,1
DA:154,1
DA:155,1
DA:157,1
DA:158,0
DA:159,0
DA:160,0
DA:161,0
DA:165,0
DA:166,0
DA:167,0
DA:169,0
DA:170,0
DA:171,0
DA:172,0
DA:173,0
DA:174,0
DA:175,0
DA:176,0
DA:177,0
DA:178,0
DA:182,0
DA:183,0
DA:184,0
DA:189,0
DA:190,0
DA:191,0
DA:193,0
DA:195,3
DA:196,3
DA:200,0
DA:201,0
DA:203,0
DA:204,0
DA:209,6
DA:210,6
DA:211,6
DA:212,6
DA:213,3
DA:214,2
DA:215,2
DA:216,2
DA:217,2
DA:218,2
DA:219,2
DA:220,1
DA:221,1
DA:223,1
DA:227,3
DA:228,1
DA:229,1
DA:230,1
DA:234,3
DA:235,3
DA:240,3
DA:241,3
DA:242,3
DA:243,3
DA:244,3
DA:245,3
DA:249,3
DA:250,3
DA:251,9
DA:256,0
DA:257,0
DA:259,0
DA:260,0
DA:261,0
DA:263,0
DA:267,4
DA:290,10
DA:292,10
DA:294,10
DA:296,10
DA:298,10
DA:300,10
DA:302,10
DA:304,10
DA:306,10
DA:310,10
DA:311,30
DA:312,10
DA:315,10
DA:316,10
DA:317,0
DA:319,10
DA:320,30
DA:322,51
DA:324,0
DA:325,0
DA:328,0
DA:331,0
DA:337,1
DA:353,10
DA:355,10
DA:356,10
DA:362,10
DA:363,10
DA:371,10
DA:378,2
DA:379,2
DA:383,17
DA:387,17
DA:391,17
DA:400,1
DA:421,1
LF:190
LH:132
BRDA:11,0,0,0
BRDA:11,0,1,1
BRDA:13,1,0,0
BRDA:13,1,1,0
BRDA:27,2,0,0
BRDA:27,2,1,3
BRDA:32,3,0,0
BRDA:32,3,1,9
BRDA:32,4,0,9
BRDA:32,4,1,9
BRDA:53,5,0,4
BRDA:53,5,1,3
BRDA:54,6,0,3
BRDA:54,6,1,1
BRDA:66,7,0,1
BRDA:66,7,1,0
BRDA:77,8,0,1
BRDA:77,8,1,1
BRDA:83,9,0,2
BRDA:83,9,1,0
BRDA:88,10,0,0
BRDA:88,10,1,1
BRDA:96,11,0,0
BRDA:96,11,1,0
BRDA:104,12,0,3
BRDA:104,12,1,0
BRDA:121,13,0,0
BRDA:121,13,1,3
BRDA:125,14,0,0
BRDA:125,14,1,3
BRDA:130,15,0,3
BRDA:130,15,1,0
BRDA:138,16,0,3
BRDA:138,16,1,0
BRDA:139,17,0,0
BRDA:139,17,1,3
BRDA:144,18,0,2
BRDA:144,18,1,1
BRDA:147,19,0,0
BRDA:147,19,1,2
BRDA:151,20,0,1
BRDA:151,20,1,0
BRDA:154,21,0,1
BRDA:154,21,1,0
BRDA:158,22,0,0
BRDA:158,22,1,0
BRDA:160,23,0,0
BRDA:160,23,1,0
BRDA:161,24,0,0
BRDA:161,24,1,0
BRDA:166,25,0,0
BRDA:166,25,1,0
BRDA:166,26,0,0
BRDA:166,26,1,0
BRDA:166,26,2,0
BRDA:166,26,3,0
BRDA:166,26,4,0
BRDA:166,26,5,0
BRDA:175,27,0,0
BRDA:175,27,1,0
BRDA:176,28,0,0
BRDA:176,28,1,0
BRDA:177,29,0,0
BRDA:177,29,1,0
BRDA:182,30,0,0
BRDA:182,30,1,0
BRDA:183,31,0,0
BRDA:183,31,1,0
BRDA:189,32,0,0
BRDA:189,32,1,0
BRDA:200,33,0,0
BRDA:200,33,1,0
BRDA:212,34,0,3
BRDA:212,34,1,3
BRDA:213,35,0,2
BRDA:213,35,1,1
BRDA:217,36,0,2
BRDA:217,36,1,0
BRDA:219,37,0,1
BRDA:219,37,1,1
BRDA:219,38,0,2
BRDA:219,38,1,2
BRDA:227,39,0,1
BRDA:227,39,1,2
BRDA:229,40,0,1
BRDA:229,40,1,0
BRDA:241,41,0,0
BRDA:241,41,1,3
BRDA:243,42,0,0
BRDA:243,42,1,3
BRDA:244,43,0,0
BRDA:244,43,1,3
BRDA:256,44,0,0
BRDA:256,44,1,0
BRDA:259,45,0,0
BRDA:259,45,1,0
BRDA:294,46,0,10
BRDA:294,46,1,0
BRDA:296,47,0,10
BRDA:296,47,1,6
BRDA:296,48,0,10
BRDA:296,48,1,0
BRDA:298,49,0,10
BRDA:298,49,1,0
BRDA:300,50,0,10
BRDA:300,50,1,0
BRDA:302,51,0,10
BRDA:302,51,1,6
BRDA:302,52,0,10
BRDA:302,52,1,0
BRDA:304,53,0,10
BRDA:304,53,1,7
BRDA:304,54,0,10
BRDA:304,54,1,0
BRDA:311,55,0,10
BRDA:311,55,1,20
BRDA:315,56,0,10
BRDA:315,56,1,0
BRDA:316,57,0,0
BRDA:316,57,1,10
BRDA:333,58,0,10
BRDA:333,58,1,20
BRDA:340,59,0,30
BRDA:340,59,1,0
BRDA:347,60,0,30
BRDA:347,60,1,0
BRDA:355,61,0,10
BRDA:355,61,1,0
BRDA:362,62,0,10
BRDA:362,62,1,0
BRDA:379,63,0,2
BRDA:379,63,1,0
BRF:132
BRH:63
end_of_record
